c:\users\denis\documents\visual studio 2015\projects\bomberman remake\bomberman remake\debug\vc140.pdb
c:\users\denis\documents\visual studio 2015\projects\bomberman remake\bomberman remake\debug\vc140.idb
c:\users\denis\documents\visual studio 2015\projects\bomberman remake\bomberman remake\debug\box.obj
c:\users\denis\documents\visual studio 2015\projects\bomberman remake\bomberman remake\debug\arena.obj
c:\users\denis\documents\visual studio 2015\projects\bomberman remake\bomberman remake\debug\arenabombs.obj
c:\users\denis\documents\visual studio 2015\projects\bomberman remake\bomberman remake\debug\arenaenemy.obj
c:\users\denis\documents\visual studio 2015\projects\bomberman remake\bomberman remake\debug\arenaobjects.obj
c:\users\denis\documents\visual studio 2015\projects\bomberman remake\bomberman remake\debug\bomb.obj
c:\users\denis\documents\visual studio 2015\projects\bomberman remake\bomberman remake\debug\creature.obj
c:\users\denis\documents\visual studio 2015\projects\bomberman remake\bomberman remake\debug\creaturedrawing.obj
c:\users\denis\documents\visual studio 2015\projects\bomberman remake\bomberman remake\debug\creaturemovement.obj
c:\users\denis\documents\visual studio 2015\projects\bomberman remake\bomberman remake\debug\enemy.obj
c:\users\denis\documents\visual studio 2015\projects\bomberman remake\bomberman remake\debug\explosion.obj
c:\users\denis\documents\visual studio 2015\projects\bomberman remake\bomberman remake\debug\game.obj
c:\users\denis\documents\visual studio 2015\projects\bomberman remake\bomberman remake\debug\hud.obj
c:\users\denis\documents\visual studio 2015\projects\bomberman remake\bomberman remake\debug\keyboardinput.obj
c:\users\denis\documents\visual studio 2015\projects\bomberman remake\bomberman remake\debug\object.obj
c:\users\denis\documents\visual studio 2015\projects\bomberman remake\bomberman remake\debug\player.obj
c:\users\denis\documents\visual studio 2015\projects\bomberman remake\bomberman remake\debug\scenecontroller.obj
c:\users\denis\documents\visual studio 2015\projects\bomberman remake\bomberman remake\debug\soundeffects.obj
c:\users\denis\documents\visual studio 2015\projects\bomberman remake\bomberman remake\debug\sprite.obj
c:\users\denis\documents\visual studio 2015\projects\bomberman remake\bomberman remake\debug\graphics.obj
c:\users\denis\documents\visual studio 2015\projects\bomberman remake\bomberman remake\debug\main.obj
c:\users\denis\documents\visual studio 2015\projects\bomberman remake\bomberman remake\debug\animatedsprite.obj
c:\users\denis\documents\visual studio 2015\projects\bomberman remake\debug\bomberman remake.ilk
c:\users\denis\documents\visual studio 2015\projects\bomberman remake\debug\bomberman remake.exe
c:\users\denis\documents\visual studio 2015\projects\bomberman remake\debug\bomberman remake.pdb
c:\users\denis\documents\visual studio 2015\projects\bomberman remake\bomberman remake\debug\bomberman remake.tlog\cl.command.1.tlog
c:\users\denis\documents\visual studio 2015\projects\bomberman remake\bomberman remake\debug\bomberman remake.tlog\cl.read.1.tlog
c:\users\denis\documents\visual studio 2015\projects\bomberman remake\bomberman remake\debug\bomberman remake.tlog\cl.write.1.tlog
c:\users\denis\documents\visual studio 2015\projects\bomberman remake\bomberman remake\debug\bomberman remake.tlog\link.command.1.tlog
c:\users\denis\documents\visual studio 2015\projects\bomberman remake\bomberman remake\debug\bomberman remake.tlog\link.read.1.tlog
c:\users\denis\documents\visual studio 2015\projects\bomberman remake\bomberman remake\debug\bomberman remake.tlog\link.write.1.tlog
