c:\users\denis\documents\visual studio 2015\projects\bomberman remake\bomberman remake\release\vc140.pdb
c:\users\denis\documents\visual studio 2015\projects\bomberman remake\bomberman remake\release\scenecontroller.obj
c:\users\denis\documents\visual studio 2015\projects\bomberman remake\bomberman remake\release\player.obj
c:\users\denis\documents\visual studio 2015\projects\bomberman remake\bomberman remake\release\object.obj
c:\users\denis\documents\visual studio 2015\projects\bomberman remake\bomberman remake\release\main.obj
c:\users\denis\documents\visual studio 2015\projects\bomberman remake\bomberman remake\release\keyboardinput.obj
c:\users\denis\documents\visual studio 2015\projects\bomberman remake\bomberman remake\release\hud.obj
c:\users\denis\documents\visual studio 2015\projects\bomberman remake\bomberman remake\release\graphics.obj
c:\users\denis\documents\visual studio 2015\projects\bomberman remake\bomberman remake\release\game.obj
c:\users\denis\documents\visual studio 2015\projects\bomberman remake\bomberman remake\release\explosion.obj
c:\users\denis\documents\visual studio 2015\projects\bomberman remake\bomberman remake\release\enemy.obj
c:\users\denis\documents\visual studio 2015\projects\bomberman remake\bomberman remake\release\creaturemovement.obj
c:\users\denis\documents\visual studio 2015\projects\bomberman remake\bomberman remake\release\creaturedrawing.obj
c:\users\denis\documents\visual studio 2015\projects\bomberman remake\bomberman remake\release\creature.obj
c:\users\denis\documents\visual studio 2015\projects\bomberman remake\bomberman remake\release\box.obj
c:\users\denis\documents\visual studio 2015\projects\bomberman remake\bomberman remake\release\bomb.obj
c:\users\denis\documents\visual studio 2015\projects\bomberman remake\bomberman remake\release\arenaobjects.obj
c:\users\denis\documents\visual studio 2015\projects\bomberman remake\bomberman remake\release\arenaenemy.obj
c:\users\denis\documents\visual studio 2015\projects\bomberman remake\bomberman remake\release\arenabombs.obj
c:\users\denis\documents\visual studio 2015\projects\bomberman remake\bomberman remake\release\arena.obj
c:\users\denis\documents\visual studio 2015\projects\bomberman remake\bomberman remake\release\animatedsprite.obj
c:\users\denis\documents\visual studio 2015\projects\bomberman remake\bomberman remake\release\sprite.obj
c:\users\denis\documents\visual studio 2015\projects\bomberman remake\bomberman remake\release\soundeffects.obj
c:\users\denis\documents\visual studio 2015\projects\bomberman remake\release\bomberman remake.exe
c:\users\denis\documents\visual studio 2015\projects\bomberman remake\release\bomberman remake.ipdb
c:\users\denis\documents\visual studio 2015\projects\bomberman remake\release\bomberman remake.iobj
c:\users\denis\documents\visual studio 2015\projects\bomberman remake\release\bomberman remake.pdb
c:\users\denis\documents\visual studio 2015\projects\bomberman remake\bomberman remake\release\bomberman remake.tlog\cl.command.1.tlog
c:\users\denis\documents\visual studio 2015\projects\bomberman remake\bomberman remake\release\bomberman remake.tlog\cl.read.1.tlog
c:\users\denis\documents\visual studio 2015\projects\bomberman remake\bomberman remake\release\bomberman remake.tlog\cl.write.1.tlog
c:\users\denis\documents\visual studio 2015\projects\bomberman remake\bomberman remake\release\bomberman remake.tlog\link.command.1.tlog
c:\users\denis\documents\visual studio 2015\projects\bomberman remake\bomberman remake\release\bomberman remake.tlog\link.read.1.tlog
c:\users\denis\documents\visual studio 2015\projects\bomberman remake\bomberman remake\release\bomberman remake.tlog\link.write.1.tlog
