c:\users\denis\documents\visual studio 2015\projects\bomberman\bomberman\debug\vc140.pdb
c:\users\denis\documents\visual studio 2015\projects\bomberman\bomberman\debug\vc140.idb
c:\users\denis\documents\visual studio 2015\projects\bomberman\bomberman\debug\animatedsprite.obj
c:\users\denis\documents\visual studio 2015\projects\bomberman\bomberman\debug\arenabombs.obj
c:\users\denis\documents\visual studio 2015\projects\bomberman\bomberman\debug\arenaenemy.obj
c:\users\denis\documents\visual studio 2015\projects\bomberman\bomberman\debug\arenaobjects.obj
c:\users\denis\documents\visual studio 2015\projects\bomberman\bomberman\debug\bomb.obj
c:\users\denis\documents\visual studio 2015\projects\bomberman\bomberman\debug\box.obj
c:\users\denis\documents\visual studio 2015\projects\bomberman\bomberman\debug\creature.obj
c:\users\denis\documents\visual studio 2015\projects\bomberman\bomberman\debug\creaturedrawing.obj
c:\users\denis\documents\visual studio 2015\projects\bomberman\bomberman\debug\creaturemovement.obj
c:\users\denis\documents\visual studio 2015\projects\bomberman\bomberman\debug\enemy.obj
c:\users\denis\documents\visual studio 2015\projects\bomberman\bomberman\debug\explosion.obj
c:\users\denis\documents\visual studio 2015\projects\bomberman\bomberman\debug\game.obj
c:\users\denis\documents\visual studio 2015\projects\bomberman\bomberman\debug\graphics.obj
c:\users\denis\documents\visual studio 2015\projects\bomberman\bomberman\debug\hud.obj
c:\users\denis\documents\visual studio 2015\projects\bomberman\bomberman\debug\keyboardinput.obj
c:\users\denis\documents\visual studio 2015\projects\bomberman\bomberman\debug\main.obj
c:\users\denis\documents\visual studio 2015\projects\bomberman\bomberman\debug\object.obj
c:\users\denis\documents\visual studio 2015\projects\bomberman\bomberman\debug\player.obj
c:\users\denis\documents\visual studio 2015\projects\bomberman\bomberman\debug\sprite.obj
c:\users\denis\documents\visual studio 2015\projects\bomberman\bomberman\debug\arena.obj
c:\users\denis\documents\visual studio 2015\projects\bomberman\bomberman\debug\soundeffects.obj
c:\users\denis\documents\visual studio 2015\projects\bomberman\debug\bomberman.ilk
c:\users\denis\documents\visual studio 2015\projects\bomberman\debug\bomberman.exe
c:\users\denis\documents\visual studio 2015\projects\bomberman\debug\bomberman.pdb
c:\users\denis\documents\visual studio 2015\projects\bomberman\bomberman\debug\bomberman.tlog\cl.command.1.tlog
c:\users\denis\documents\visual studio 2015\projects\bomberman\bomberman\debug\bomberman.tlog\cl.read.1.tlog
c:\users\denis\documents\visual studio 2015\projects\bomberman\bomberman\debug\bomberman.tlog\cl.write.1.tlog
c:\users\denis\documents\visual studio 2015\projects\bomberman\bomberman\debug\bomberman.tlog\link.command.1.tlog
c:\users\denis\documents\visual studio 2015\projects\bomberman\bomberman\debug\bomberman.tlog\link.read.1.tlog
c:\users\denis\documents\visual studio 2015\projects\bomberman\bomberman\debug\bomberman.tlog\link.write.1.tlog
